<?xml version="1.0" encoding="UTF-8"?>
<!-- Generated by org.testng.reporters.JUnitXMLReporter -->
<testsuite ignored="0" hostname="Omkar" failures="0" tests="4" name="Default test" time="39.662" errors="0" timestamp="2026-04-09T12:17:33 IST">
  <testcase classname="TestCaseRepo.TC_001" name="LE_001" time="10.906">
    <skipped/>
  </testcase> <!-- LE_001 -->
  <testcase classname="TestCaseRepo.TC_001" name="LE_001" time="3.808">
    <skipped/>
  </testcase> <!-- LE_001 -->
  <testcase classname="TestCaseRepo.TC_001" name="LE_001" time="3.699">
    <skipped/>
  </testcase> <!-- LE_001 -->
  <testcase classname="TestCaseRepo.TC_001" name="LE_001" time="10.005"/>
</testsuite> <!-- Default test -->
