<?xml version="1.0" encoding="UTF-8"?>
<!-- Generated by org.testng.reporters.JUnitXMLReporter -->
<testsuite ignored="2" hostname="Omkar" failures="0" tests="2" name="Test2" time="98.537" errors="0" timestamp="2026-04-07T10:57:15 IST">
  <testcase classname="TestCaseRepo.TC_002" name="LE_002" time="33.056"/>
  <testcase classname="TestCaseRepo.TC_001" name="LE_001" time="28.344"/>
  <testcase classname="genericUtility.BaseClass" name="@AfterSuite asConfig" time="0.0">
    <ignored/>
  </testcase> <!-- @AfterSuite asConfig -->
  <testcase classname="genericUtility.BaseClass" name="@BeforeSuite bsConfig" time="0.0">
    <ignored/>
  </testcase> <!-- @BeforeSuite bsConfig -->
</testsuite> <!-- Test2 -->
