<?xml version="1.0" encoding="UTF-8"?>
<!-- Generated by org.testng.reporters.JUnitXMLReporter -->
<testsuite ignored="2" hostname="Omkar" failures="0" tests="2" name="Test1" time="27.691" errors="0" timestamp="2026-04-06T23:14:54 IST">
  <testcase classname="TestCaseRepo.TC_006" name="CON_004" time="8.762"/>
  <testcase classname="TestCaseRepo.TC_005" name="CON_004" time="7.822"/>
  <testcase classname="genericUtility.BaseClass" name="@BeforeSuite bsConfig" time="0.0">
    <ignored/>
  </testcase> <!-- @BeforeSuite bsConfig -->
  <testcase classname="genericUtility.BaseClass" name="@AfterSuite asConfig" time="0.0">
    <ignored/>
  </testcase> <!-- @AfterSuite asConfig -->
</testsuite> <!-- Test1 -->
