<?xml version="1.0" encoding="UTF-8"?>
<testng-results ignored="0" total="1" passed="1" failed="0" skipped="0">
  <reporter-output>
  </reporter-output>
  <suite started-at="2026-04-16T12:59:19 IST" name="Default suite" finished-at="2026-04-16T13:01:06 IST" duration-ms="107611">
    <groups>
      <group name="Regrassionn">
        <method signature="TC_003.LE_002()[pri:0, instance:TestCaseRepo.TC_003@77c2494c]" name="LE_002" class="TestCaseRepo.TC_003"/>
      </group> <!-- Regrassionn -->
    </groups>
    <test started-at="2026-04-16T12:59:19 IST" name="Default test" finished-at="2026-04-16T13:01:06 IST" duration-ms="107611">
      <class name="TestCaseRepo.TC_003">
        <test-method is-config="true" signature="bsConfig()[pri:0, instance:TestCaseRepo.TC_003@77c2494c]" started-at="2026-04-16T12:59:19 IST" name="bsConfig" finished-at="2026-04-16T12:59:19 IST" duration-ms="14" status="PASS">
          <reporter-output>
          </reporter-output>
        </test-method> <!-- bsConfig -->
        <test-method is-config="true" signature="bcConfig(java.lang.String)[pri:0, instance:TestCaseRepo.TC_003@77c2494c]" started-at="2026-04-16T12:59:19 IST" name="bcConfig" finished-at="2026-04-16T12:59:22 IST" duration-ms="3771" status="PASS">
          <params>
            <param index="0">
              <value>
                <![CDATA[Chrome]]>
              </value>
            </param>
          </params>
          <reporter-output>
          </reporter-output>
        </test-method> <!-- bcConfig -->
        <test-method is-config="true" signature="bmConfig()[pri:0, instance:TestCaseRepo.TC_003@77c2494c]" started-at="2026-04-16T12:59:22 IST" name="bmConfig" finished-at="2026-04-16T12:59:44 IST" duration-ms="21863" status="PASS">
          <reporter-output>
          </reporter-output>
        </test-method> <!-- bmConfig -->
        <test-method signature="LE_002()[pri:0, instance:TestCaseRepo.TC_003@77c2494c]" started-at="2026-04-16T12:59:44 IST" name="LE_002" finished-at="2026-04-16T13:00:56 IST" duration-ms="71458" status="PASS">
          <reporter-output>
          </reporter-output>
        </test-method> <!-- LE_002 -->
        <test-method is-config="true" signature="amConfig()[pri:0, instance:TestCaseRepo.TC_003@77c2494c]" started-at="2026-04-16T13:00:56 IST" name="amConfig" finished-at="2026-04-16T13:01:06 IST" duration-ms="9858" status="PASS">
          <reporter-output>
          </reporter-output>
        </test-method> <!-- amConfig -->
        <test-method is-config="true" signature="acConfig()[pri:0, instance:TestCaseRepo.TC_003@77c2494c]" started-at="2026-04-16T13:01:06 IST" name="acConfig" finished-at="2026-04-16T13:01:06 IST" duration-ms="595" status="PASS">
          <reporter-output>
          </reporter-output>
        </test-method> <!-- acConfig -->
        <test-method is-config="true" signature="asConfig()[pri:0, instance:TestCaseRepo.TC_003@77c2494c]" started-at="2026-04-16T13:01:06 IST" name="asConfig" finished-at="2026-04-16T13:01:06 IST" duration-ms="0" status="PASS">
          <reporter-output>
          </reporter-output>
        </test-method> <!-- asConfig -->
      </class> <!-- TestCaseRepo.TC_003 -->
    </test> <!-- Default test -->
  </suite> <!-- Default suite -->
</testng-results>
