<?xml version="1.0" encoding="UTF-8"?>
<!-- Generated by org.testng.reporters.JUnitReportReporter -->
<testsuite hostname="Omkar" failures="0" tests="4" name="TestCaseRepo.TC_001" time="37.670" errors="0" timestamp="2026-04-09T12:17:33 IST" skipped="3">
  <testcase classname="TestCaseRepo.TC_001" name="LE_001" time="12.068"/>
  <testcase classname="TestCaseRepo.TC_001" name="LE_001" time="6.029">
    <skipped/>
  </testcase> <!-- LE_001 -->
  <testcase classname="TestCaseRepo.TC_001" name="LE_001" time="6.023">
    <skipped/>
  </testcase> <!-- LE_001 -->
  <testcase classname="TestCaseRepo.TC_001" name="LE_001" time="13.550">
    <skipped/>
  </testcase> <!-- LE_001 -->
</testsuite> <!-- TestCaseRepo.TC_001 -->
